#
# A fatal error has been detected by the Java Runtime Environment:
#
#  SIGSEGV (0xb) at pc=0x00007f0adccdf720, pid=24794, tid=139684129892096
#
# JRE version: Java(TM) SE Runtime Environment (8.0_60-b27) (build 1.8.0_60-b27)
# Java VM: Java HotSpot(TM) 64-Bit Server VM (25.60-b23 mixed mode linux-amd64 compressed oops)
# Problematic frame:
# V  [libjvm.so+0x8a5720]  Method::checked_resolve_jmethod_id(_jmethodID*)+0x20
#
# Failed to write core dump. Core dumps have been disabled. To enable core dumping, try "ulimit -c unlimited" before starting Java again
#
# If you would like to submit a bug report, please visit:
#   http://bugreport.java.com/bugreport/crash.jsp
#

---------------  T H R E A D  ---------------

Current thread (0x00007f0ad80c1800):  JavaThread "JDWP Transport Listener: dt_socket" daemon [_thread_in_vm, id=24808, stack(0x00007f0abee16000,0x00007f0abef17000)]

siginfo: si_signo: 11 (SIGSEGV), si_code: 1 (SEGV_MAPERR), si_addr: 0x0000000000000030

Registers:
RAX=0x0000000000000001, RBX=0x00007f0ad8003460, RCX=0x00007f0adde11340, RDX=0x00007f0add3e9320
RSP=0x00007f0abef15850, RBP=0x00007f0abef15860, RSI=0x00007f0ad80c1800, RDI=0x0000000000000030
R8 =0x00007f0aa8009ac0, R9 =0x0000000000000001, R10=0x756c6176452f3035, R11=0x00007f0add5aa430
R12=0x0000000000000017, R13=0x0000000000000030, R14=0x00007f0ad80c1800, R15=0x00007f0abef15967
RIP=0x00007f0adccdf720, EFLAGS=0x0000000000010206, CSGSFS=0x0000000000000033, ERR=0x0000000000000004
  TRAPNO=0x000000000000000e

Top of Stack: (sp=0x00007f0abef15850)
0x00007f0abef15850:   0000000000000074 00007f0ad8003460
0x00007f0abef15860:   00007f0abef158d0 00007f0adcb701fe
0x00007f0abef15870:   00007f0abef15890 00007f0abef15880
0x00007f0abef15880:   00007f0ad80c1800 0000000000000000
0x00007f0abef15890:   00007f0a00000000 0000000000000000
0x00007f0abef158a0:   00007f0abef158c0 00007f0ad79bce40
0x00007f0abef158b0:   0000000000000030 00007f0abef15967
0x00007f0abef158c0:   0000000000000004 00007f0abef15967
0x00007f0abef158d0:   00007f0abef15900 00007f0ad77a88c2
0x00007f0abef158e0:   00007f0abef15900 0000000000000030
0x00007f0abef158f0:   00007f0abef159d0 0000000000000020
0x00007f0abef15900:   00007f0abef15990 00007f0ad7789aa0
0x00007f0abef15910:   00007f0abef15948 00007f0abef15940
0x00007f0abef15920:   00007f0abef15938 00007f0abef1595c
0x00007f0abef15930:   00000001a800a1c0 0000000000000000
0x00007f0abef15940:   0000000000000000 0000000000000000
0x00007f0abef15950:   00007f0aa8007490 0000000abef159d0
0x00007f0abef15960:   0000000000000005 0000000000000002
0x00007f0abef15970:   000000000000000f 0000000000000002
0x00007f0abef15980:   00000000000f0200 000000000000000f
0x00007f0abef15990:   00007f0abef15be0 00007f0ad77949c6
0x00007f0abef159a0:   000010db00000013 00007f0adc0f0200
0x00007f0abef159b0:   00007f0aa00014d0 0000000000000000
0x00007f0abef159c0:   00007f0abef159d0 00007f0abef15b60
0x00007f0abef159d0:   00007f0aa800a4e7 00007f0a000001f1
0x00007f0abef159e0:   00007f0aa8008300 000000000000012c
0x00007f0abef159f0:   00007f0abef15a20 00007f0aa8008300
0x00007f0abef15a00:   00007f0000000000 000010db000000f6
0x00007f0abef15a10:   00007f0a00005b80 00007f0abef15a20
0x00007f0abef15a20:   0a7f000005000000 04000000c0f70dd8
0x00007f0abef15a30:   160000006e69616d 2f6176616a4c5b28
0x00007f0abef15a40:   7274532f676e616c 000056293b676e69 

Instructions: (pc=0x00007f0adccdf720)
0x00007f0adccdf700:   55 48 89 e5 53 48 83 ec 08 48 85 ff 75 12 31 db
0x00007f0adccdf710:   48 89 d8 48 83 c4 08 5b c9 c3 66 0f 1f 44 00 00
0x00007f0adccdf720:   48 8b 1f 48 85 db 74 e6 48 83 fb 37 74 e0 48 8b
0x00007f0adccdf730:   03 48 89 df ff 50 10 84 c0 0f 1f 80 00 00 00 00 

Register to memory mapping:

RAX=0x0000000000000001 is an unknown value
RBX=0x00007f0ad8003460 is an unknown value
RCX=0x00007f0adde11340: <offset 0x219340> in /lib/x86_64-linux-gnu/libpthread.so.0 at 0x00007f0addbf8000
RDX=0x00007f0add3e9320: <offset 0xfaf320> in /usr/lib/jvm/java-8-oracle/jre/lib/amd64/server/libjvm.so at 0x00007f0adc43a000
RSP=0x00007f0abef15850 is pointing into the stack for thread: 0x00007f0ad80c1800
RBP=0x00007f0abef15860 is pointing into the stack for thread: 0x00007f0ad80c1800
RSI=0x00007f0ad80c1800 is a thread
RDI=0x0000000000000030 is an unknown value
R8 =0x00007f0aa8009ac0 is an unknown value
R9 =0x0000000000000001 is an unknown value
R10=0x756c6176452f3035 is an unknown value
R11=0x00007f0add5aa430: <offset 0x196430> in /lib/x86_64-linux-gnu/libc.so.6 at 0x00007f0add414000
R12=0x0000000000000017 is an unknown value
R13=0x0000000000000030 is an unknown value
R14=0x00007f0ad80c1800 is a thread
R15=0x00007f0abef15967 is pointing into the stack for thread: 0x00007f0ad80c1800


Stack: [0x00007f0abee16000,0x00007f0abef17000],  sp=0x00007f0abef15850,  free space=1022k
Native frames: (J=compiled Java code, j=interpreted, Vv=VM code, C=native code)
V  [libjvm.so+0x8a5720]  Method::checked_resolve_jmethod_id(_jmethodID*)+0x20
V  [libjvm.so+0x7361fe]  jvmti_IsMethodSynthetic+0x2be
C  [libjdwp.so+0x258c2]  isMethodSynthetic+0x42
C  [libjdwp.so+0x6aa0]  methods1+0x1b0
C  [libjdwp.so+0x119c6]  debugLoop_run+0x2b6
C  [libjdwp.so+0x247ff]  attachThread+0x2f
V  [libjvm.so+0x7a2982]  JvmtiAgentThread::call_start_function()+0xc2
V  [libjvm.so+0xa68f3f]  JavaThread::thread_main_inner()+0xdf
V  [libjvm.so+0xa6906c]  JavaThread::run()+0x11c
V  [libjvm.so+0x91cb88]  java_start(Thread*)+0x108
C  [libpthread.so.0+0x76aa]  start_thread+0xca


---------------  P R O C E S S  ---------------

Java Threads: ( => current thread )
  0x00007f0ad811e800 JavaThread "pool-1-thread-10" [_thread_blocked, id=24930, stack(0x00007f0abcfc6000,0x00007f0abd0c7000)]
  0x00007f0ad811c800 JavaThread "pool-1-thread-9" [_thread_blocked, id=24929, stack(0x00007f0abd0c7000,0x00007f0abd1c8000)]
  0x00007f0ad811a800 JavaThread "pool-1-thread-8" [_thread_blocked, id=24928, stack(0x00007f0abd1c8000,0x00007f0abd2c9000)]
  0x00007f0ad8118800 JavaThread "pool-1-thread-7" [_thread_blocked, id=24927, stack(0x00007f0abd2c9000,0x00007f0abd3ca000)]
  0x00007f0ad8116800 JavaThread "pool-1-thread-6" [_thread_blocked, id=24926, stack(0x00007f0abd3ca000,0x00007f0abd4cb000)]
  0x00007f0ad8114800 JavaThread "pool-1-thread-5" [_thread_blocked, id=24925, stack(0x00007f0abd4cb000,0x00007f0abd5cc000)]
  0x00007f0ad8112800 JavaThread "pool-1-thread-4" [_thread_blocked, id=24924, stack(0x00007f0abd5cc000,0x00007f0abd6cd000)]
  0x00007f0ad8111000 JavaThread "pool-1-thread-3" [_thread_blocked, id=24923, stack(0x00007f0abd6cd000,0x00007f0abd7ce000)]
  0x00007f0a84008800 JavaThread "pool-2-thread-2" [_thread_blocked, id=24921, stack(0x00007f0abd7ce000,0x00007f0abd8cf000)]
  0x00007f0ad810f800 JavaThread "pool-1-thread-2" [_thread_blocked, id=24904, stack(0x00007f0abd8cf000,0x00007f0abd9d0000)]
  0x00007f0a84005000 JavaThread "pool-2-thread-1" [_thread_blocked, id=24830, stack(0x00007f0abd9d0000,0x00007f0abdad1000)]
  0x00007f0ad810d800 JavaThread "pool-1-thread-1" [_thread_blocked, id=24823, stack(0x00007f0abdad1000,0x00007f0abdbd2000)]
  0x00007f0ad80f5000 JavaThread "Thread-0" [_thread_in_native, id=24822, stack(0x00007f0abdbd2000,0x00007f0abdcd3000)]
  0x00007f0ad80cf800 JavaThread "Service Thread" daemon [_thread_blocked, id=24817, stack(0x00007f0abe911000,0x00007f0abea12000)]
  0x00007f0ad80ca000 JavaThread "C1 CompilerThread1" daemon [_thread_blocked, id=24816, stack(0x00007f0abea12000,0x00007f0abeb13000)]
  0x00007f0ad80c7000 JavaThread "C2 CompilerThread0" daemon [_thread_blocked, id=24815, stack(0x00007f0abeb13000,0x00007f0abec14000)]
  0x00007f0aa8001000 JavaThread "JDWP Command Reader" daemon [_thread_in_native, id=24812, stack(0x00007f0abec14000,0x00007f0abed15000)]
  0x00007f0ad80c5000 JavaThread "JDWP Event Helper Thread" daemon [_thread_blocked, id=24810, stack(0x00007f0abed15000,0x00007f0abee16000)]
=>0x00007f0ad80c1800 JavaThread "JDWP Transport Listener: dt_socket" daemon [_thread_in_vm, id=24808, stack(0x00007f0abee16000,0x00007f0abef17000)]
  0x00007f0ad80b5000 JavaThread "Signal Dispatcher" daemon [_thread_blocked, id=24806, stack(0x00007f0abf11b000,0x00007f0abf21c000)]
  0x00007f0ad807e000 JavaThread "Finalizer" daemon [_thread_blocked, id=24805, stack(0x00007f0abf21c000,0x00007f0abf31d000)]
  0x00007f0ad807c000 JavaThread "Reference Handler" daemon [_thread_blocked, id=24804, stack(0x00007f0abf31d000,0x00007f0abf41e000)]
  0x00007f0ad800d000 JavaThread "main" [_thread_blocked, id=24796, stack(0x00007f0addf16000,0x00007f0ade017000)]

Other Threads:
  0x00007f0ad8076800 VMThread [stack: 0x00007f0abf41e000,0x00007f0abf51f000] [id=24803]
  0x00007f0ad80d2800 WatcherThread [stack: 0x00007f0abe810000,0x00007f0abe911000] [id=24819]

VM state:not at safepoint (normal execution)

VM Mutex/Monitor currently owned by a thread: None

Heap:
 PSYoungGen      total 17920K, used 3688K [0x00000000ec000000, 0x00000000ed400000, 0x0000000100000000)
  eden space 15360K, 24% used [0x00000000ec000000,0x00000000ec39a268,0x00000000ecf00000)
  from space 2560K, 0% used [0x00000000ed180000,0x00000000ed180000,0x00000000ed400000)
  to   space 2560K, 0% used [0x00000000ecf00000,0x00000000ecf00000,0x00000000ed180000)
 ParOldGen       total 40960K, used 0K [0x00000000c4000000, 0x00000000c6800000, 0x00000000ec000000)
  object space 40960K, 0% used [0x00000000c4000000,0x00000000c4000000,0x00000000c6800000)
 Metaspace       used 4141K, capacity 4694K, committed 4864K, reserved 1056768K
  class space    used 464K, capacity 498K, committed 512K, reserved 1048576K

Card table byte_map: [0x00007f0ac6bba000,0x00007f0ac6d9b000] byte_map_base: 0x00007f0ac659a000

Marking Bits: (ParMarkBitMap*) 0x00007f0add3e8de0
 Begin Bits: [0x00007f0ac4b79000, 0x00007f0ac5a79000)
 End Bits:   [0x00007f0ac5a79000, 0x00007f0ac6979000)

Polling page: 0x00007f0ade036000

CodeCache: size=245760Kb used=1191Kb max_used=1191Kb free=244568Kb
 bounds [0x00007f0ac715b000, 0x00007f0ac73cb000, 0x00007f0ad615b000]
 total_blobs=322 nmethods=69 adapters=176
 compilation: enabled

Compilation events (10 events):
Event: 102.969 Thread 0x00007f0ad80ca000   65       3       java.util.ArrayList::ensureCapacityInternal (23 bytes)
Event: 102.974 Thread 0x00007f0ad80ca000 nmethod 65 0x00007f0ac7283710 code [0x00007f0ac72838a0, 0x00007f0ac7283be8]
Event: 105.967 Thread 0x00007f0ad80ca000   66       3       java.lang.Character::toLowerCase (6 bytes)
Event: 105.969 Thread 0x00007f0ad80ca000 nmethod 66 0x00007f0ac7283d50 code [0x00007f0ac7283ee0, 0x00007f0ac7284178]
Event: 106.029 Thread 0x00007f0ad80ca000   67       1       java.nio.Buffer::position (5 bytes)
Event: 106.029 Thread 0x00007f0ad80ca000 nmethod 67 0x00007f0ac7284290 code [0x00007f0ac72843e0, 0x00007f0ac72844f0]
Event: 106.044 Thread 0x00007f0ad80ca000   68       3       java.util.Arrays::copyOf (19 bytes)
Event: 106.046 Thread 0x00007f0ad80ca000 nmethod 68 0x00007f0ac7284550 code [0x00007f0ac72846e0, 0x00007f0ac7284a08]
Event: 106.046 Thread 0x00007f0ad80ca000   69       1       java.nio.Buffer::limit (5 bytes)
Event: 106.047 Thread 0x00007f0ad80ca000 nmethod 69 0x00007f0ac7284b50 code [0x00007f0ac7284ca0, 0x00007f0ac7284db0]

GC Heap History (0 events):
No events

Deoptimization events (0 events):
No events

Internal exceptions (10 events):
Event: 0.136 Thread 0x00007f0ad800d000 Exception <a 'java/lang/NoSuchMethodError': Method sun.misc.Unsafe.prefetchRead(Ljava/lang/Object;J)V name or signature does not match> (0x00000000ec012e80) thrown at [/HUDSON/workspace/8-2-build-linux-amd64/jdk8u60/4407/hotspot/src/share/vm/prims/jni.cpp
Event: 0.566 Thread 0x00007f0ad800d000 Exception <a 'java/net/UnknownHostException'> (0x00000000ec0c3938) thrown at [/HUDSON/workspace/8-2-build-linux-amd64/jdk8u60/4407/hotspot/src/share/vm/prims/jni.cpp, line 735]
Event: 0.629 Thread 0x00007f0ad800d000 Exception <a 'java/net/UnknownHostException'> (0x00000000ec0c5f50) thrown at [/HUDSON/workspace/8-2-build-linux-amd64/jdk8u60/4407/hotspot/src/share/vm/prims/jni.cpp, line 735]
Event: 0.675 Thread 0x00007f0ad80f5000 Exception <a 'java/net/UnknownHostException'> (0x00000000ec1cdb90) thrown at [/HUDSON/workspace/8-2-build-linux-amd64/jdk8u60/4407/hotspot/src/share/vm/prims/jni.cpp, line 735]
Event: 0.682 Thread 0x00007f0ad800d000 Exception <a 'java/security/PrivilegedActionException'> (0x00000000ec1a7f28) thrown at [/HUDSON/workspace/8-2-build-linux-amd64/jdk8u60/4407/hotspot/src/share/vm/prims/jvm.cpp, line 1386]
Event: 0.682 Thread 0x00007f0ad800d000 Exception <a 'java/security/PrivilegedActionException'> (0x00000000ec1a8320) thrown at [/HUDSON/workspace/8-2-build-linux-amd64/jdk8u60/4407/hotspot/src/share/vm/prims/jvm.cpp, line 1386]
Event: 0.683 Thread 0x00007f0ad800d000 Exception <a 'java/security/PrivilegedActionException'> (0x00000000ec1aa948) thrown at [/HUDSON/workspace/8-2-build-linux-amd64/jdk8u60/4407/hotspot/src/share/vm/prims/jvm.cpp, line 1386]
Event: 0.683 Thread 0x00007f0ad800d000 Exception <a 'java/security/PrivilegedActionException'> (0x00000000ec1aad40) thrown at [/HUDSON/workspace/8-2-build-linux-amd64/jdk8u60/4407/hotspot/src/share/vm/prims/jvm.cpp, line 1386]
Event: 0.699 Thread 0x00007f0ad80f5000 Exception <a 'java/net/UnknownHostException'> (0x00000000ec1cfa28) thrown at [/HUDSON/workspace/8-2-build-linux-amd64/jdk8u60/4407/hotspot/src/share/vm/prims/jni.cpp, line 735]
Event: 105.971 Thread 0x00007f0ad8111000 Exception <a 'java/net/ConnectException'> (0x00000000ec34def0) thrown at [/HUDSON/workspace/8-2-build-linux-amd64/jdk8u60/4407/hotspot/src/share/vm/prims/jni.cpp, line 709]

Events (10 events):
Event: 105.986 loading class java/util/IdentityHashMap
Event: 105.987 loading class java/util/IdentityHashMap done
Event: 105.988 loading class java/util/IdentityHashMap$KeySet
Event: 105.989 loading class java/util/IdentityHashMap$KeySet done
Event: 159.609 Executing VM operation: RedefineClasses
Event: 159.610 Executing VM operation: RedefineClasses done
Event: 197.859 Executing VM operation: RedefineClasses
Event: 197.860 Executing VM operation: RedefineClasses done
Event: 225.857 Executing VM operation: RedefineClasses
Event: 225.858 Executing VM operation: RedefineClasses done


Dynamic libraries:
00400000-00401000 r-xp 00000000 08:07 1724066                            /usr/lib/jvm/java-8-oracle/bin/java
00600000-00601000 rw-p 00000000 08:07 1724066                            /usr/lib/jvm/java-8-oracle/bin/java
007f9000-0081a000 rw-p 00000000 00:00 0                                  [heap]
c4000000-c6800000 rw-p 00000000 00:00 0 
c6800000-ec000000 ---p 00000000 00:00 0 
ec000000-ed400000 rw-p 00000000 00:00 0 
ed400000-100000000 ---p 00000000 00:00 0 
100000000-100080000 rw-p 00000000 00:00 0 
100080000-140000000 ---p 00000000 00:00 0 
7f0a84000000-7f0a84021000 rw-p 00000000 00:00 0 
7f0a84021000-7f0a88000000 ---p 00000000 00:00 0 
7f0a8c000000-7f0a8c021000 rw-p 00000000 00:00 0 
7f0a8c021000-7f0a90000000 ---p 00000000 00:00 0 
7f0a90000000-7f0a90021000 rw-p 00000000 00:00 0 
7f0a90021000-7f0a94000000 ---p 00000000 00:00 0 
7f0a94000000-7f0a94087000 rw-p 00000000 00:00 0 
7f0a94087000-7f0a98000000 ---p 00000000 00:00 0 
7f0a98000000-7f0a98089000 rw-p 00000000 00:00 0 
7f0a98089000-7f0a9c000000 ---p 00000000 00:00 0 
7f0a9c000000-7f0a9c021000 rw-p 00000000 00:00 0 
7f0a9c021000-7f0aa0000000 ---p 00000000 00:00 0 
7f0aa0000000-7f0aa0021000 rw-p 00000000 00:00 0 
7f0aa0021000-7f0aa4000000 ---p 00000000 00:00 0 
7f0aa4000000-7f0aa4021000 rw-p 00000000 00:00 0 
7f0aa4021000-7f0aa8000000 ---p 00000000 00:00 0 
7f0aa8000000-7f0aa8024000 rw-p 00000000 00:00 0 
7f0aa8024000-7f0aac000000 ---p 00000000 00:00 0 
7f0aac000000-7f0aac021000 rw-p 00000000 00:00 0 
7f0aac021000-7f0ab0000000 ---p 00000000 00:00 0 
7f0ab0000000-7f0ab0021000 rw-p 00000000 00:00 0 
7f0ab0021000-7f0ab4000000 ---p 00000000 00:00 0 
7f0ab4000000-7f0ab4021000 rw-p 00000000 00:00 0 
7f0ab4021000-7f0ab8000000 ---p 00000000 00:00 0 
7f0ab8000000-7f0ab8021000 rw-p 00000000 00:00 0 
7f0ab8021000-7f0abc000000 ---p 00000000 00:00 0 
7f0abcd41000-7f0abcfc6000 rw-p 00000000 00:00 0 
7f0abcfc6000-7f0abcfc9000 ---p 00000000 00:00 0 
7f0abcfc9000-7f0abd0c7000 rw-p 00000000 00:00 0                          [stack:24930]
7f0abd0c7000-7f0abd0ca000 ---p 00000000 00:00 0 
7f0abd0ca000-7f0abd1c8000 rw-p 00000000 00:00 0                          [stack:24929]
7f0abd1c8000-7f0abd1cb000 ---p 00000000 00:00 0 
7f0abd1cb000-7f0abd2c9000 rw-p 00000000 00:00 0                          [stack:24928]
7f0abd2c9000-7f0abd2cc000 ---p 00000000 00:00 0 
7f0abd2cc000-7f0abd3ca000 rw-p 00000000 00:00 0                          [stack:24927]
7f0abd3ca000-7f0abd3cd000 ---p 00000000 00:00 0 
7f0abd3cd000-7f0abd4cb000 rw-p 00000000 00:00 0                          [stack:24926]
7f0abd4cb000-7f0abd4ce000 ---p 00000000 00:00 0 
7f0abd4ce000-7f0abd5cc000 rw-p 00000000 00:00 0                          [stack:24925]
7f0abd5cc000-7f0abd5cf000 ---p 00000000 00:00 0 
7f0abd5cf000-7f0abd6cd000 rw-p 00000000 00:00 0                          [stack:24924]
7f0abd6cd000-7f0abd6d0000 ---p 00000000 00:00 0 
7f0abd6d0000-7f0abd7ce000 rw-p 00000000 00:00 0                          [stack:24923]
7f0abd7ce000-7f0abd7d1000 ---p 00000000 00:00 0 
7f0abd7d1000-7f0abd8cf000 rw-p 00000000 00:00 0                          [stack:24921]
7f0abd8cf000-7f0abd8d2000 ---p 00000000 00:00 0 
7f0abd8d2000-7f0abd9d0000 rw-p 00000000 00:00 0                          [stack:24904]
7f0abd9d0000-7f0abd9d3000 ---p 00000000 00:00 0 
7f0abd9d3000-7f0abdad1000 rw-p 00000000 00:00 0                          [stack:24830]
7f0abdad1000-7f0abdad4000 ---p 00000000 00:00 0 
7f0abdad4000-7f0abdbd2000 rw-p 00000000 00:00 0                          [stack:24823]
7f0abdbd2000-7f0abdbd5000 ---p 00000000 00:00 0 
7f0abdbd5000-7f0abdcd3000 rw-p 00000000 00:00 0                          [stack:24822]
7f0abdcd3000-7f0abdcea000 r-xp 00000000 08:07 1577627                    /lib/x86_64-linux-gnu/libresolv-2.21.so
7f0abdcea000-7f0abdeea000 ---p 00017000 08:07 1577627                    /lib/x86_64-linux-gnu/libresolv-2.21.so
7f0abdeea000-7f0abdeec000 r--p 00017000 08:07 1577627                    /lib/x86_64-linux-gnu/libresolv-2.21.so
7f0abdeec000-7f0abdeed000 rw-p 00019000 08:07 1577627                    /lib/x86_64-linux-gnu/libresolv-2.21.so
7f0abdeed000-7f0abdeef000 rw-p 00000000 00:00 0 
7f0abdeef000-7f0abdef4000 r-xp 00000000 08:07 1577572                    /lib/x86_64-linux-gnu/libnss_dns-2.21.so
7f0abdef4000-7f0abe0f3000 ---p 00005000 08:07 1577572                    /lib/x86_64-linux-gnu/libnss_dns-2.21.so
7f0abe0f3000-7f0abe0f4000 r--p 00004000 08:07 1577572                    /lib/x86_64-linux-gnu/libnss_dns-2.21.so
7f0abe0f4000-7f0abe0f5000 rw-p 00005000 08:07 1577572                    /lib/x86_64-linux-gnu/libnss_dns-2.21.so
7f0abe0f5000-7f0abe0f7000 r-xp 00000000 08:07 1577580                    /lib/x86_64-linux-gnu/libnss_mdns4_minimal.so.2
7f0abe0f7000-7f0abe2f6000 ---p 00002000 08:07 1577580                    /lib/x86_64-linux-gnu/libnss_mdns4_minimal.so.2
7f0abe2f6000-7f0abe2f7000 r--p 00001000 08:07 1577580                    /lib/x86_64-linux-gnu/libnss_mdns4_minimal.so.2
7f0abe2f7000-7f0abe2f8000 rw-p 00002000 08:07 1577580                    /lib/x86_64-linux-gnu/libnss_mdns4_minimal.so.2
7f0abe2f8000-7f0abe5f9000 rw-p 00000000 00:00 0 
7f0abe5f9000-7f0abe60f000 r-xp 00000000 08:07 1723928                    /usr/lib/jvm/java-8-oracle/jre/lib/amd64/libnet.so
7f0abe60f000-7f0abe80f000 ---p 00016000 08:07 1723928                    /usr/lib/jvm/java-8-oracle/jre/lib/amd64/libnet.so
7f0abe80f000-7f0abe810000 rw-p 00016000 08:07 1723928                    /usr/lib/jvm/java-8-oracle/jre/lib/amd64/libnet.so
7f0abe810000-7f0abe811000 ---p 00000000 00:00 0 
7f0abe811000-7f0abe911000 rw-p 00000000 00:00 0                          [stack:24819]
7f0abe911000-7f0abe914000 ---p 00000000 00:00 0 
7f0abe914000-7f0abea12000 rw-p 00000000 00:00 0                          [stack:24817]
7f0abea12000-7f0abea15000 ---p 00000000 00:00 0 
7f0abea15000-7f0abeb13000 rw-p 00000000 00:00 0                          [stack:24816]
7f0abeb13000-7f0abeb16000 ---p 00000000 00:00 0 
7f0abeb16000-7f0abec14000 rw-p 00000000 00:00 0                          [stack:24815]
7f0abec14000-7f0abec17000 ---p 00000000 00:00 0 
7f0abec17000-7f0abed15000 rw-p 00000000 00:00 0                          [stack:24812]
7f0abed15000-7f0abed18000 ---p 00000000 00:00 0 
7f0abed18000-7f0abee16000 rw-p 00000000 00:00 0                          [stack:24810]
7f0abee16000-7f0abee19000 ---p 00000000 00:00 0 
7f0abee19000-7f0abef17000 rw-p 00000000 00:00 0                          [stack:24808]
7f0abef17000-7f0abef1b000 r-xp 00000000 08:07 1723895                    /usr/lib/jvm/java-8-oracle/jre/lib/amd64/libdt_socket.so
7f0abef1b000-7f0abf11a000 ---p 00004000 08:07 1723895                    /usr/lib/jvm/java-8-oracle/jre/lib/amd64/libdt_socket.so
7f0abf11a000-7f0abf11b000 rw-p 00003000 08:07 1723895                    /usr/lib/jvm/java-8-oracle/jre/lib/amd64/libdt_socket.so
7f0abf11b000-7f0abf11e000 ---p 00000000 00:00 0 
7f0abf11e000-7f0abf21c000 rw-p 00000000 00:00 0                          [stack:24806]
7f0abf21c000-7f0abf21f000 ---p 00000000 00:00 0 
7f0abf21f000-7f0abf31d000 rw-p 00000000 00:00 0                          [stack:24805]
7f0abf31d000-7f0abf320000 ---p 00000000 00:00 0 
7f0abf320000-7f0abf41e000 rw-p 00000000 00:00 0                          [stack:24804]
7f0abf41e000-7f0abf41f000 ---p 00000000 00:00 0 
7f0abf41f000-7f0abfe28000 rw-p 00000000 00:00 0                          [stack:24803]
7f0abfe28000-7f0ac0000000 r--s 03d17000 08:07 1723973                    /usr/lib/jvm/java-8-oracle/jre/lib/rt.jar
7f0ac0000000-7f0ac0021000 rw-p 00000000 00:00 0 
7f0ac0021000-7f0ac4000000 ---p 00000000 00:00 0 
7f0ac40d4000-7f0ac45d9000 rw-p 00000000 00:00 0 
7f0ac45d9000-7f0ac4999000 ---p 00000000 00:00 0 
7f0ac4999000-7f0ac6979000 rw-p 00000000 00:00 0 
7f0ac6979000-7f0ac697a000 ---p 00000000 00:00 0 
7f0ac697a000-7f0ac6a8e000 rw-p 00000000 00:00 0                          [stack:24802]
7f0ac6a8e000-7f0ac6bba000 ---p 00000000 00:00 0 
7f0ac6bba000-7f0ac6bce000 rw-p 00000000 00:00 0 
7f0ac6bce000-7f0ac6cfa000 ---p 00000000 00:00 0 
7f0ac6cfa000-7f0ac6d04000 rw-p 00000000 00:00 0 
7f0ac6d04000-7f0ac6d9a000 ---p 00000000 00:00 0 
7f0ac6d9a000-7f0ac6da5000 rw-p 00000000 00:00 0 
7f0ac6da5000-7f0ac715b000 ---p 00000000 00:00 0 
7f0ac715b000-7f0ac73cb000 rwxp 00000000 00:00 0 
7f0ac73cb000-7f0ad615b000 ---p 00000000 00:00 0 
7f0ad615b000-7f0ad6175000 r-xp 00000000 08:07 1723923                    /usr/lib/jvm/java-8-oracle/jre/lib/amd64/libzip.so
7f0ad6175000-7f0ad6375000 ---p 0001a000 08:07 1723923                    /usr/lib/jvm/java-8-oracle/jre/lib/amd64/libzip.so
7f0ad6375000-7f0ad6376000 rw-p 0001a000 08:07 1723923                    /usr/lib/jvm/java-8-oracle/jre/lib/amd64/libzip.so
7f0ad6376000-7f0ad6382000 r-xp 00000000 08:07 1577574                    /lib/x86_64-linux-gnu/libnss_files-2.21.so
7f0ad6382000-7f0ad6581000 ---p 0000c000 08:07 1577574                    /lib/x86_64-linux-gnu/libnss_files-2.21.so
7f0ad6581000-7f0ad6582000 r--p 0000b000 08:07 1577574                    /lib/x86_64-linux-gnu/libnss_files-2.21.so
7f0ad6582000-7f0ad6583000 rw-p 0000c000 08:07 1577574                    /lib/x86_64-linux-gnu/libnss_files-2.21.so
7f0ad6583000-7f0ad658e000 r-xp 00000000 08:07 1577584                    /lib/x86_64-linux-gnu/libnss_nis-2.21.so
7f0ad658e000-7f0ad678d000 ---p 0000b000 08:07 1577584                    /lib/x86_64-linux-gnu/libnss_nis-2.21.so
7f0ad678d000-7f0ad678e000 r--p 0000a000 08:07 1577584                    /lib/x86_64-linux-gnu/libnss_nis-2.21.so
7f0ad678e000-7f0ad678f000 rw-p 0000b000 08:07 1577584                    /lib/x86_64-linux-gnu/libnss_nis-2.21.so
7f0ad678f000-7f0ad67a6000 r-xp 00000000 08:07 1577568                    /lib/x86_64-linux-gnu/libnsl-2.21.so
7f0ad67a6000-7f0ad69a5000 ---p 00017000 08:07 1577568                    /lib/x86_64-linux-gnu/libnsl-2.21.so
7f0ad69a5000-7f0ad69a6000 r--p 00016000 08:07 1577568                    /lib/x86_64-linux-gnu/libnsl-2.21.so
7f0ad69a6000-7f0ad69a7000 rw-p 00017000 08:07 1577568                    /lib/x86_64-linux-gnu/libnsl-2.21.so
7f0ad69a7000-7f0ad69a9000 rw-p 00000000 00:00 0 
7f0ad69a9000-7f0ad69b1000 r-xp 00000000 08:07 1577570                    /lib/x86_64-linux-gnu/libnss_compat-2.21.so
7f0ad69b1000-7f0ad6bb0000 ---p 00008000 08:07 1577570                    /lib/x86_64-linux-gnu/libnss_compat-2.21.so
7f0ad6bb0000-7f0ad6bb1000 r--p 00007000 08:07 1577570                    /lib/x86_64-linux-gnu/libnss_compat-2.21.so
7f0ad6bb1000-7f0ad6bb2000 rw-p 00008000 08:07 1577570                    /lib/x86_64-linux-gnu/libnss_compat-2.21.so
7f0ad6bb2000-7f0ad7580000 r--p 00000000 08:07 1837530                    /usr/lib/locale/locale-archive
7f0ad7580000-7f0ad7582000 r-xp 00000000 08:07 1723905                    /usr/lib/jvm/java-8-oracle/jre/lib/amd64/libnpt.so
7f0ad7582000-7f0ad7782000 ---p 00002000 08:07 1723905                    /usr/lib/jvm/java-8-oracle/jre/lib/amd64/libnpt.so
7f0ad7782000-7f0ad7783000 rw-p 00002000 08:07 1723905                    /usr/lib/jvm/java-8-oracle/jre/lib/amd64/libnpt.so
7f0ad7783000-7f0ad77bc000 r-xp 00000000 08:07 1723912                    /usr/lib/jvm/java-8-oracle/jre/lib/amd64/libjdwp.so
7f0ad77bc000-7f0ad79bb000 ---p 00039000 08:07 1723912                    /usr/lib/jvm/java-8-oracle/jre/lib/amd64/libjdwp.so
7f0ad79bb000-7f0ad79bd000 rw-p 00038000 08:07 1723912                    /usr/lib/jvm/java-8-oracle/jre/lib/amd64/libjdwp.so
7f0ad79bd000-7f0ad79e7000 r-xp 00000000 08:07 1723901                    /usr/lib/jvm/java-8-oracle/jre/lib/amd64/libjava.so
7f0ad79e7000-7f0ad7be7000 ---p 0002a000 08:07 1723901                    /usr/lib/jvm/java-8-oracle/jre/lib/amd64/libjava.so
7f0ad7be7000-7f0ad7be9000 rw-p 0002a000 08:07 1723901                    /usr/lib/jvm/java-8-oracle/jre/lib/amd64/libjava.so
7f0ad7be9000-7f0ad7bf6000 r-xp 00000000 08:07 1723917                    /usr/lib/jvm/java-8-oracle/jre/lib/amd64/libverify.so
7f0ad7bf6000-7f0ad7df6000 ---p 0000d000 08:07 1723917                    /usr/lib/jvm/java-8-oracle/jre/lib/amd64/libverify.so
7f0ad7df6000-7f0ad7df8000 rw-p 0000d000 08:07 1723917                    /usr/lib/jvm/java-8-oracle/jre/lib/amd64/libverify.so
7f0ad7df8000-7f0ad7dff000 r-xp 00000000 08:07 1577629                    /lib/x86_64-linux-gnu/librt-2.21.so
7f0ad7dff000-7f0ad7ffe000 ---p 00007000 08:07 1577629                    /lib/x86_64-linux-gnu/librt-2.21.so
7f0ad7ffe000-7f0ad7fff000 r--p 00006000 08:07 1577629                    /lib/x86_64-linux-gnu/librt-2.21.so
7f0ad7fff000-7f0ad8000000 rw-p 00007000 08:07 1577629                    /lib/x86_64-linux-gnu/librt-2.21.so
7f0ad8000000-7f0ad8121000 rw-p 00000000 00:00 0 
7f0ad8121000-7f0adc000000 ---p 00000000 00:00 0 
7f0adc010000-7f0adc031000 rw-p 00000000 00:00 0 
7f0adc031000-7f0adc032000 ---p 00000000 00:00 0 
7f0adc032000-7f0adc132000 rw-p 00000000 00:00 0                          [stack:24801]
7f0adc132000-7f0adc239000 r-xp 00000000 08:07 1577547                    /lib/x86_64-linux-gnu/libm-2.21.so
7f0adc239000-7f0adc438000 ---p 00107000 08:07 1577547                    /lib/x86_64-linux-gnu/libm-2.21.so
7f0adc438000-7f0adc439000 r--p 00106000 08:07 1577547                    /lib/x86_64-linux-gnu/libm-2.21.so
7f0adc439000-7f0adc43a000 rw-p 00107000 08:07 1577547                    /lib/x86_64-linux-gnu/libm-2.21.so
7f0adc43a000-7f0add0f8000 r-xp 00000000 08:07 1723939                    /usr/lib/jvm/java-8-oracle/jre/lib/amd64/server/libjvm.so
7f0add0f8000-7f0add2f7000 ---p 00cbe000 08:07 1723939                    /usr/lib/jvm/java-8-oracle/jre/lib/amd64/server/libjvm.so
7f0add2f7000-7f0add3cf000 rw-p 00cbd000 08:07 1723939                    /usr/lib/jvm/java-8-oracle/jre/lib/amd64/server/libjvm.so
7f0add3cf000-7f0add414000 rw-p 00000000 00:00 0 
7f0add414000-7f0add5d4000 r-xp 00000000 08:07 1577488                    /lib/x86_64-linux-gnu/libc-2.21.so
7f0add5d4000-7f0add7d4000 ---p 001c0000 08:07 1577488                    /lib/x86_64-linux-gnu/libc-2.21.so
7f0add7d4000-7f0add7d8000 r--p 001c0000 08:07 1577488                    /lib/x86_64-linux-gnu/libc-2.21.so
7f0add7d8000-7f0add7da000 rw-p 001c4000 08:07 1577488                    /lib/x86_64-linux-gnu/libc-2.21.so
7f0add7da000-7f0add7de000 rw-p 00000000 00:00 0 
7f0add7de000-7f0add7e1000 r-xp 00000000 08:07 1577505                    /lib/x86_64-linux-gnu/libdl-2.21.so
7f0add7e1000-7f0add9e0000 ---p 00003000 08:07 1577505                    /lib/x86_64-linux-gnu/libdl-2.21.so
7f0add9e0000-7f0add9e1000 r--p 00002000 08:07 1577505                    /lib/x86_64-linux-gnu/libdl-2.21.so
7f0add9e1000-7f0add9e2000 rw-p 00003000 08:07 1577505                    /lib/x86_64-linux-gnu/libdl-2.21.so
7f0add9e2000-7f0add9f7000 r-xp 00000000 08:07 1722984                    /usr/lib/jvm/java-8-oracle/lib/amd64/jli/libjli.so
7f0add9f7000-7f0addbf7000 ---p 00015000 08:07 1722984                    /usr/lib/jvm/java-8-oracle/lib/amd64/jli/libjli.so
7f0addbf7000-7f0addbf8000 rw-p 00015000 08:07 1722984                    /usr/lib/jvm/java-8-oracle/lib/amd64/jli/libjli.so
7f0addbf8000-7f0addc10000 r-xp 00000000 08:07 1577621                    /lib/x86_64-linux-gnu/libpthread-2.21.so
7f0addc10000-7f0adde10000 ---p 00018000 08:07 1577621                    /lib/x86_64-linux-gnu/libpthread-2.21.so
7f0adde10000-7f0adde11000 r--p 00018000 08:07 1577621                    /lib/x86_64-linux-gnu/libpthread-2.21.so
7f0adde11000-7f0adde12000 rw-p 00019000 08:07 1577621                    /lib/x86_64-linux-gnu/libpthread-2.21.so
7f0adde12000-7f0adde16000 rw-p 00000000 00:00 0 
7f0adde16000-7f0adde3a000 r-xp 00000000 08:07 1577460                    /lib/x86_64-linux-gnu/ld-2.21.so
7f0adde3e000-7f0addf16000 rw-p 00000000 00:00 0 
7f0addf16000-7f0addf19000 ---p 00000000 00:00 0 
7f0addf19000-7f0ade01b000 rw-p 00000000 00:00 0                          [stack:24796]
7f0ade02a000-7f0ade02d000 rw-p 00000000 00:00 0 
7f0ade02d000-7f0ade035000 rw-s 00000000 08:07 678518                     /tmp/hsperfdata_ram/24794
7f0ade035000-7f0ade036000 rw-p 00000000 00:00 0 
7f0ade036000-7f0ade037000 r--p 00000000 00:00 0 
7f0ade037000-7f0ade039000 rw-p 00000000 00:00 0 
7f0ade039000-7f0ade03a000 r--p 00023000 08:07 1577460                    /lib/x86_64-linux-gnu/ld-2.21.so
7f0ade03a000-7f0ade03b000 rw-p 00024000 08:07 1577460                    /lib/x86_64-linux-gnu/ld-2.21.so
7f0ade03b000-7f0ade03c000 rw-p 00000000 00:00 0 
7fff3070e000-7fff3072f000 rw-p 00000000 00:00 0                          [stack]
7fff3075e000-7fff30760000 r--p 00000000 00:00 0                          [vvar]
7fff30760000-7fff30762000 r-xp 00000000 00:00 0                          [vdso]
ffffffffff600000-ffffffffff601000 r-xp 00000000 00:00 0                  [vsyscall]

VM Arguments:
jvm_args: -agentlib:jdwp=transport=dt_socket,suspend=y,address=localhost:41474 -Dfile.encoding=UTF-8 
java_command: edu.iit.cs550.Evaluator 1 1
java_class_path (initial): /home/ram/workpad/git/CS550/DHT/bin
Launcher Type: SUN_STANDARD

Environment Variables:
JAVA_HOME=/usr/lib/jvm/java-8-oracle/jre/
PATH=/usr/local/sbin:/usr/local/bin:/usr/sbin:/usr/bin:/sbin:/bin:/usr/games:/usr/local/games
SHELL=/bin/bash
DISPLAY=:0.0

Signal Handlers:
SIGSEGV: [libjvm.so+0xaba070], sa_mask[0]=11111111011111111101111111111110, sa_flags=SA_RESTART|SA_SIGINFO
SIGBUS: [libjvm.so+0xaba070], sa_mask[0]=11111111011111111101111111111110, sa_flags=SA_RESTART|SA_SIGINFO
SIGFPE: [libjvm.so+0x917630], sa_mask[0]=11111111011111111101111111111110, sa_flags=SA_RESTART|SA_SIGINFO
SIGPIPE: [libjvm.so+0x917630], sa_mask[0]=11111111011111111101111111111110, sa_flags=SA_RESTART|SA_SIGINFO
SIGXFSZ: [libjvm.so+0x917630], sa_mask[0]=11111111011111111101111111111110, sa_flags=SA_RESTART|SA_SIGINFO
SIGILL: [libjvm.so+0x917630], sa_mask[0]=11111111011111111101111111111110, sa_flags=SA_RESTART|SA_SIGINFO
SIGUSR1: SIG_DFL, sa_mask[0]=00000000000000000000000000000000, sa_flags=none
SIGUSR2: [libjvm.so+0x918c60], sa_mask[0]=00100000000000000000000000000000, sa_flags=SA_RESTART|SA_SIGINFO
SIGHUP: [libjvm.so+0x91a060], sa_mask[0]=11111111011111111101111111111110, sa_flags=SA_RESTART|SA_SIGINFO
SIGINT: [libjvm.so+0x91a060], sa_mask[0]=11111111011111111101111111111110, sa_flags=SA_RESTART|SA_SIGINFO
SIGTERM: [libjvm.so+0x91a060], sa_mask[0]=11111111011111111101111111111110, sa_flags=SA_RESTART|SA_SIGINFO
SIGQUIT: [libjvm.so+0x91a060], sa_mask[0]=11111111011111111101111111111110, sa_flags=SA_RESTART|SA_SIGINFO


---------------  S Y S T E M  ---------------

OS:DISTRIB_ID=Ubuntu
DISTRIB_RELEASE=15.04
DISTRIB_CODENAME=vivid
DISTRIB_DESCRIPTION="Ubuntu 15.04"

uname:Linux 3.19.0-30-generic #34-Ubuntu SMP Fri Oct 2 22:08:41 UTC 2015 x86_64
libc:glibc 2.21 NPTL 2.21 
rlimit: STACK 8192k, CORE 0k, NPROC 14377, NOFILE 65536, AS infinity
load average:1.00 0.94 0.99

/proc/meminfo:
MemTotal:        3931628 kB
MemFree:          543040 kB
MemAvailable:    1467440 kB
Buffers:          242672 kB
Cached:          1101048 kB
SwapCached:            0 kB
Active:          2480716 kB
Inactive:         722744 kB
Active(anon):    1902068 kB
Inactive(anon):   238884 kB
Active(file):     578648 kB
Inactive(file):   483860 kB
Unevictable:          48 kB
Mlocked:              48 kB
SwapTotal:             0 kB
SwapFree:              0 kB
Dirty:               204 kB
Writeback:             0 kB
AnonPages:       1862024 kB
Mapped:           374552 kB
Shmem:            281212 kB
Slab:              94576 kB
SReclaimable:      61668 kB
SUnreclaim:        32908 kB
KernelStack:        8416 kB
PageTables:        39020 kB
NFS_Unstable:          0 kB
Bounce:                0 kB
WritebackTmp:          0 kB
CommitLimit:     1965812 kB
Committed_AS:    6061092 kB
VmallocTotal:   34359738367 kB
VmallocUsed:      546552 kB
VmallocChunk:   34359172404 kB
HardwareCorrupted:     0 kB
AnonHugePages:    630784 kB
CmaTotal:              0 kB
CmaFree:               0 kB
HugePages_Total:       0
HugePages_Free:        0
HugePages_Rsvd:        0
HugePages_Surp:        0
Hugepagesize:       2048 kB
DirectMap4k:      230476 kB
DirectMap2M:     3848192 kB


CPU:total 2 (2 cores per cpu, 1 threads per core) family 6 model 55 stepping 8, cmov, cx8, fxsr, mmx, sse, sse2, sse3, ssse3, sse4.1, sse4.2, popcnt, clmul, erms, 3dnowpref, tsc, tscinvbit

/proc/cpuinfo:
processor	: 0
vendor_id	: GenuineIntel
cpu family	: 6
model		: 55
model name	: Intel(R) Celeron(R) CPU  N2830  @ 2.16GHz
stepping	: 8
microcode	: 0x815
cpu MHz		: 2415.628
cache size	: 1024 KB
physical id	: 0
siblings	: 2
core id		: 0
cpu cores	: 2
apicid		: 0
initial apicid	: 0
fpu		: yes
fpu_exception	: yes
cpuid level	: 11
wp		: yes
flags		: fpu vme de pse tsc msr pae mce cx8 apic sep mtrr pge mca cmov pat pse36 clflush dts acpi mmx fxsr sse sse2 ss ht tm pbe syscall nx rdtscp lm constant_tsc arch_perfmon pebs bts rep_good nopl xtopology nonstop_tsc aperfmperf pni pclmulqdq dtes64 monitor ds_cpl vmx est tm2 ssse3 cx16 xtpr pdcm sse4_1 sse4_2 movbe popcnt tsc_deadline_timer rdrand lahf_lm 3dnowprefetch ida arat epb dtherm tpr_shadow vnmi flexpriority ept vpid tsc_adjust smep erms
bugs		:
bogomips	: 4326.40
clflush size	: 64
cache_alignment	: 64
address sizes	: 36 bits physical, 48 bits virtual
power management:

processor	: 1
vendor_id	: GenuineIntel
cpu family	: 6
model		: 55
model name	: Intel(R) Celeron(R) CPU  N2830  @ 2.16GHz
stepping	: 8
microcode	: 0x815
cpu MHz		: 2415.628
cache size	: 1024 KB
physical id	: 0
siblings	: 2
core id		: 1
cpu cores	: 2
apicid		: 2
initial apicid	: 2
fpu		: yes
fpu_exception	: yes
cpuid level	: 11
wp		: yes
flags		: fpu vme de pse tsc msr pae mce cx8 apic sep mtrr pge mca cmov pat pse36 clflush dts acpi mmx fxsr sse sse2 ss ht tm pbe syscall nx rdtscp lm constant_tsc arch_perfmon pebs bts rep_good nopl xtopology nonstop_tsc aperfmperf pni pclmulqdq dtes64 monitor ds_cpl vmx est tm2 ssse3 cx16 xtpr pdcm sse4_1 sse4_2 movbe popcnt tsc_deadline_timer rdrand lahf_lm 3dnowprefetch ida arat epb dtherm tpr_shadow vnmi flexpriority ept vpid tsc_adjust smep erms
bugs		:
bogomips	: 4326.40
clflush size	: 64
cache_alignment	: 64
address sizes	: 36 bits physical, 48 bits virtual
power management:



Memory: 4k page, physical 3931628k(543040k free), swap 0k(0k free)

vm_info: Java HotSpot(TM) 64-Bit Server VM (25.60-b23) for linux-amd64 JRE (1.8.0_60-b27), built on Aug  4 2015 12:19:40 by "java_re" with gcc 4.3.0 20080428 (Red Hat 4.3.0-8)

time: Sat Oct 10 20:31:24 2015
elapsed time: 225 seconds (0d 0h 3m 45s)

